<?xml version="1.0" encoding="UTF-8"?>
<testsuite name="com.tomgregory.GradleTutorialTest" tests="1" skipped="0" failures="0" errors="0" timestamp="2024-10-21T07:09:57" hostname="P0451-ROY" time="0.002">
  <properties/>
  <testcase name="verifyNoExceptionThrown" classname="com.tomgregory.GradleTutorialTest" time="0.002"/>
  <system-out><![CDATA[Hello World!
]]></system-out>
  <system-err><![CDATA[]]></system-err>
</testsuite>
